<testsuites id="" name="" tests="1" failures="0" skipped="0" errors="0" time="3.817079999998212">
<testsuite name="Chapter06/MOCK_API_FROM_HARFile_Test.spec.ts" timestamp="2026-01-01T14:09:02.253Z" hostname="chromium" tests="1" failures="0" skipped="0" time="1.176" errors="0">
<testcase name="MOCK API from HAR file in PlayWright Typescript Test" classname="Chapter06/MOCK_API_FROM_HARFile_Test.spec.ts" time="1.176">
<system-out>
<![CDATA[
[[ATTACHMENT|test-results/Chapter06-MOCK_API_FROM_HA-15078--PlayWright-Typescript-Test-chromium/video.webm]]

[[ATTACHMENT|test-results/Chapter06-MOCK_API_FROM_HA-15078--PlayWright-Typescript-Test-chromium/trace.zip]]
]]>
</system-out>
</testcase>
</testsuite>
</testsuites>